<?xml version="1.0" encoding="UTF-8"?>
<!-- Generated by org.testng.reporters.JUnitReportReporter -->
<testsuite skipped="0" hostname="Sanjeevas-MacBook-Air.local" name="com.sanjeev.qa.test.LoginTest" tests="1" failures="0" timestamp="22 May 2019 09:46:32 GMT" time="17.799" errors="0">
  <testcase name="testLogin" time="17.799" classname="com.sanjeev.qa.test.LoginTest"/>
</testsuite> <!-- com.sanjeev.qa.test.LoginTest -->
