<?xml version="1.0" encoding="UTF-8"?>
<!-- Generated by org.testng.reporters.JUnitReportReporter -->
<testsuite skipped="0" hostname="Sanjeevas-MacBook-Air.local" name="com.sanjeev.Framework.TestNg2" tests="3" failures="0" timestamp="10 May 2019 16:16:10 GMT" time="0.021" errors="0">
  <testcase name="testFive" time="0.006" classname="com.sanjeev.Framework.TestNg2"/>
  <testcase name="testFour" time="0.008" classname="com.sanjeev.Framework.TestNg2"/>
  <testcase name="testSIx" time="0.007" classname="com.sanjeev.Framework.TestNg2"/>
</testsuite> <!-- com.sanjeev.Framework.TestNg2 -->
